<?xml version="1.0" encoding="UTF-8"?>
<!-- Generated by org.testng.reporters.JUnitXMLReporter -->
<testsuite ignored="2" hostname="LAPTOP-9TU4N0NM" failures="0" tests="1" name="Test" time="49.196" errors="0" timestamp="2024-10-28T17:51:23 IST">
  <testcase classname="io.stage.hudinielevate.cms.tests.DesignConfigsTest" name="verifyupdateComponentsTest" time="39.208"/>
  <testcase classname="io.stage.hudinielevate.cms.tests.DesignConfigsTest" name="verifyAddComponentsTest" time="0.0">
    <ignored/>
  </testcase> <!-- verifyAddComponentsTest -->
  <testcase classname="io.stage.hudinielevate.cms.tests.DesignConfigsTest" name="verifyCreatePageTest" time="0.0">
    <ignored/>
  </testcase> <!-- verifyCreatePageTest -->
</testsuite> <!-- Test -->
