<?xml version="1.0" encoding="UTF-8"?>
<testng-results ignored="0" total="1" passed="1" failed="0" skipped="0">
  <reporter-output>
  </reporter-output>
  <suite started-at="2025-09-08T14:34:13 IST" name="Suite" finished-at="2025-09-08T14:34:46 IST" duration-ms="32269">
    <groups>
    </groups>
    <test started-at="2025-09-08T14:34:13 IST" name="Test" finished-at="2025-09-08T14:34:46 IST" duration-ms="32269">
      <class name="io.stage.hudinielevate.cms.tests.hotelDropDown">
        <test-method is-config="true" signature="setUp(java.lang.String)[pri:0, instance:io.stage.hudinielevate.cms.tests.hotelDropDown@6aa61224]" started-at="2025-09-08T14:34:13 IST" name="setUp" finished-at="2025-09-08T14:34:19 IST" duration-ms="5719" status="PASS">
          <params>
            <param index="0">
              <value>
                <![CDATA[chrome]]>
              </value>
            </param>
          </params>
          <reporter-output>
          </reporter-output>
        </test-method> <!-- setUp -->
        <test-method signature="verifyCreatePageTest()[pri:1, instance:io.stage.hudinielevate.cms.tests.hotelDropDown@6aa61224]" started-at="2025-09-08T14:34:19 IST" name="verifyCreatePageTest" finished-at="2025-09-08T14:34:46 IST" duration-ms="26508" status="PASS">
          <reporter-output>
          </reporter-output>
        </test-method> <!-- verifyCreatePageTest -->
      </class> <!-- io.stage.hudinielevate.cms.tests.hotelDropDown -->
    </test> <!-- Test -->
  </suite> <!-- Suite -->
</testng-results>
